<?xml version="1.0" encoding="UTF-8"?>
<!-- Generated by org.testng.reporters.JUnitReportReporter -->
<testsuite hostname="karthic" failures="0" tests="1" name="practice.Testpackage.TestOneTest" time="0.007" errors="0" timestamp="2024-04-08T13:30:56 IST" skipped="0">
  <testcase classname="practice.Testpackage.TestOneTest" name="e" time="0.007"/>
  <system-out/>
</testsuite> <!-- practice.Testpackage.TestOneTest -->
