<?xml version="1.0" encoding="UTF-8"?>
<!-- Generated by org.testng.reporters.JUnitReportReporter -->
<testsuite hostname="karthic" failures="0" tests="21" name="selenium.Assignments.TestSubClass" time="0.033" errors="0" timestamp="2024-04-08T12:38:26 IST" skipped="0">
  <testcase classname="selenium.Assignments.TestSubClass" name="printData" time="0.002"/>
  <system-out/>
  <testcase classname="selenium.Assignments.TestSubClass" name="printData" time="0.001"/>
  <system-out/>
  <testcase classname="selenium.Assignments.TestSubClass" name="printData" time="0.001"/>
  <system-out/>
  <testcase classname="selenium.Assignments.TestSubClass" name="printData" time="0.001"/>
  <system-out/>
  <testcase classname="selenium.Assignments.TestSubClass" name="printData" time="0.001"/>
  <system-out/>
  <testcase classname="selenium.Assignments.TestSubClass" name="printData" time="0.001"/>
  <system-out/>
  <testcase classname="selenium.Assignments.TestSubClass" name="printData" time="0.000"/>
  <system-out/>
  <testcase classname="selenium.Assignments.TestSubClass" name="printData" time="0.001"/>
  <system-out/>
  <testcase classname="selenium.Assignments.TestSubClass" name="printData" time="0.001"/>
  <system-out/>
  <testcase classname="selenium.Assignments.TestSubClass" name="printData" time="0.002"/>
  <system-out/>
  <testcase classname="selenium.Assignments.TestSubClass" name="printData" time="0.000"/>
  <system-out/>
  <testcase classname="selenium.Assignments.TestSubClass" name="printData" time="0.000"/>
  <system-out/>
  <testcase classname="selenium.Assignments.TestSubClass" name="printData" time="0.001"/>
  <system-out/>
  <testcase classname="selenium.Assignments.TestSubClass" name="printData" time="0.001"/>
  <system-out/>
  <testcase classname="selenium.Assignments.TestSubClass" name="printData" time="0.001"/>
  <system-out/>
  <testcase classname="selenium.Assignments.TestSubClass" name="printData" time="0.001"/>
  <system-out/>
  <testcase classname="selenium.Assignments.TestSubClass" name="printData" time="0.014"/>
  <system-out/>
  <testcase classname="selenium.Assignments.TestSubClass" name="printData" time="0.001"/>
  <system-out/>
  <testcase classname="selenium.Assignments.TestSubClass" name="printData" time="0.002"/>
  <system-out/>
  <testcase classname="selenium.Assignments.TestSubClass" name="printData" time="0.001"/>
  <system-out/>
  <testcase classname="selenium.Assignments.TestSubClass" name="printData" time="0.000"/>
  <system-out/>
</testsuite> <!-- selenium.Assignments.TestSubClass -->
