<?xml version="1.0" encoding="UTF-8"?>
<!-- Generated by org.testng.reporters.JUnitReportReporter -->
<testsuite hostname="karthic" failures="0" tests="2" name="selenium.Assignments.TestClass" time="0.007" errors="0" timestamp="2024-04-05T18:10:22 IST" skipped="0">
  <testcase classname="selenium.Assignments.TestClass" name="takeDatas" time="0.006"/>
  <system-out/>
  <testcase classname="selenium.Assignments.TestClass" name="takeDatas" time="0.001"/>
  <system-out/>
</testsuite> <!-- selenium.Assignments.TestClass -->
