<?xml version="1.0" encoding="UTF-8"?>
<!-- Generated by org.testng.reporters.JUnitReportReporter -->
<testsuite hostname="karthic" failures="0" tests="1" name="com.alphaShoppee.userModule.PurchaseAProductTest" time="11.621" errors="0" timestamp="2024-04-17T18:05:55 IST" skipped="0">
  <testcase classname="com.alphaShoppee.userModule.PurchaseAProductTest" name="purchaseAProductTest" time="11.621"/>
  <system-out/>
</testsuite> <!-- com.alphaShoppee.userModule.PurchaseAProductTest -->
