<?xml version="1.0" encoding="UTF-8"?>
<!-- Generated by org.testng.reporters.JUnitReportReporter -->
<testsuite hostname="karthic" failures="0" tests="1" name="mavenWithout.Eclipse.practice.CommandPromptExecuteCheck" time="0.011" errors="0" timestamp="2024-03-28T13:52:27 IST" skipped="0">
  <testcase classname="mavenWithout.Eclipse.practice.CommandPromptExecuteCheck" name="checkMethodTwo" time="0.011"/>
  <system-out/>
</testsuite> <!-- mavenWithout.Eclipse.practice.CommandPromptExecuteCheck -->
