<?xml version="1.0" encoding="UTF-8"?>
<!-- Generated by org.testng.reporters.JUnitReportReporter -->
<testsuite hostname="karthic" failures="0" tests="1" name="com.alphaShoppee.adminModule.VerifyTheOrderHasBeenInDisplayedAdminModuleTest" time="12.629" errors="0" timestamp="2024-04-15T18:27:00 IST" skipped="0">
  <testcase classname="com.alphaShoppee.adminModule.VerifyTheOrderHasBeenInDisplayedAdminModuleTest" name="verifyTheOrderHasBeenDisplayed" time="12.629"/>
  <system-out>
    <![CDATA[The method execution is starting here
verifyTheOrderHasBeenDisplayed method execution is success]]>
  </system-out>
</testsuite> <!-- com.alphaShoppee.adminModule.VerifyTheOrderHasBeenInDisplayedAdminModuleTest -->
