<?xml version="1.0" encoding="UTF-8"?>
<!-- Generated by org.testng.reporters.JUnitReportReporter -->
<testsuite hostname="karthic" failures="0" tests="1" name="executions.Testyantra.practice.TestClass1" time="0.019" errors="0" timestamp="2024-04-16T15:29:10 IST" skipped="0">
  <testcase classname="executions.Testyantra.practice.TestClass1" name="method1" time="0.019"/>
  <system-out/>
</testsuite> <!-- executions.Testyantra.practice.TestClass1 -->
