<?xml version="1.0" encoding="UTF-8"?>
<!-- Generated by org.testng.reporters.JUnitReportReporter -->
<testsuite hostname="karthic" failures="0" tests="1" name="mavenWithout.Eclipse.practice.CommandPromptCheck" time="4.830" errors="0" timestamp="2024-03-28T16:41:49 IST" skipped="0">
  <testcase classname="mavenWithout.Eclipse.practice.CommandPromptCheck" name="testOne" time="4.830"/>
  <system-out/>
</testsuite> <!-- mavenWithout.Eclipse.practice.CommandPromptCheck -->
