<?xml version="1.0" encoding="UTF-8"?>
<!-- Generated by org.testng.reporters.JUnitReportReporter -->
<testsuite hostname="karthic" failures="0" tests="3" name="executions.Testyantra.practice.TestClass2" time="0.005" errors="0" timestamp="2024-04-10T13:41:08 IST" skipped="0">
  <testcase classname="executions.Testyantra.practice.TestClass2" name="method1" time="0.002"/>
  <system-out/>
  <testcase classname="executions.Testyantra.practice.TestClass2" name="method2" time="0.003"/>
  <system-out/>
  <testcase classname="executions.Testyantra.practice.TestClass2" name="method3" time="0.000"/>
  <system-out/>
</testsuite> <!-- executions.Testyantra.practice.TestClass2 -->
