<?xml version="1.0" encoding="UTF-8"?>
<!-- Generated by org.testng.reporters.JUnitReportReporter -->
<testsuite hostname="karthic" failures="0" tests="3" name="executions.Testyantra.practice.TestClass3" time="0.015" errors="0" timestamp="2024-04-10T13:41:08 IST" skipped="0">
  <testcase classname="executions.Testyantra.practice.TestClass3" name="method2" time="0.002"/>
  <system-out/>
  <testcase classname="executions.Testyantra.practice.TestClass3" name="method3" time="0.002"/>
  <system-out/>
  <testcase classname="executions.Testyantra.practice.TestClass3" name="method1" time="0.011"/>
  <system-out/>
</testsuite> <!-- executions.Testyantra.practice.TestClass3 -->
