<?xml version="1.0" encoding="UTF-8"?>
<!-- Generated by org.testng.reporters.JUnitReportReporter -->
<testsuite hostname="karthic" failures="0" tests="1" name="com.alphaShoppee.userModule.MoveToWishlistAndRemoveTest" time="14.476" errors="0" timestamp="2024-04-15T18:27:00 IST" skipped="0">
  <testcase classname="com.alphaShoppee.userModule.MoveToWishlistAndRemoveTest" name="moveToWishlistAndRemoveTest" time="14.476"/>
  <system-out>
    <![CDATA[The method execution is starting here
moveToWishlistAndRemoveTest method execution is success]]>
  </system-out>
</testsuite> <!-- com.alphaShoppee.userModule.MoveToWishlistAndRemoveTest -->
