<?xml version="1.0" encoding="UTF-8"?>
<!-- Generated by org.testng.reporters.JUnitXMLReporter -->
<testsuite ignored="4" hostname="karthic" failures="0" tests="3" name="test-2" time="43.094" errors="0" timestamp="2024-04-15T18:26:53 IST">
  <testcase classname="com.alphaShoppee.userModule.PurchaseAProductTest" name="purchaseAProductTest" time="11.141"/>
  <testcase classname="com.alphaShoppee.userModule.MoveToWishlistAndCartTest" name="moveToWishlistAndCartTest" time="9.663"/>
  <testcase classname="com.alphaShoppee.userModule.MoveToWishlistAndRemoveTest" name="moveToWishlistAndRemoveTest" time="13.336"/>
  <testcase classname="com.alphaShoppee.genericUtility.BaseClass" name="@BeforeSuite connectToDatabase" time="0.0">
    <ignored/>
  </testcase> <!-- @BeforeSuite connectToDatabase -->
  <testcase classname="com.alphaShoppee.genericUtility.BaseClass" name="@AfterSuite closeTheDatabase" time="0.0">
    <ignored/>
  </testcase> <!-- @AfterSuite closeTheDatabase -->
  <testcase classname="com.alphaShoppee.genericUtility.BaseClass" name="@BeforeSuite connectToDatabase" time="0.0">
    <ignored/>
  </testcase> <!-- @BeforeSuite connectToDatabase -->
  <testcase classname="com.alphaShoppee.genericUtility.BaseClass" name="@AfterSuite closeTheDatabase" time="0.0">
    <ignored/>
  </testcase> <!-- @AfterSuite closeTheDatabase -->
</testsuite> <!-- test-2 -->
